<?xml version="1.0" encoding="UTF-8"?>
<!-- Generated by org.testng.reporters.JUnitXMLReporter -->
<testsuite ignored="0" hostname="LAPTOP-JGFOPR4G" failures="0" tests="4" name="Default test" time="11.972" errors="0" timestamp="2022-08-18T11:51:04 IST">
  <testcase classname="api.com.APItest" name="findpetstatus" time="1.527"/>
  <testcase classname="api.com.APItest" name="findpetstatus" time="2.242"/>
  <testcase classname="api.com.APItest" name="findpetstatus" time="1.452"/>
  <testcase classname="api.com.APItest" name="put" time="1.452"/>
</testsuite> <!-- Default test -->
