<?xml version="1.0" encoding="UTF-8"?>
<testng-results ignored="0" total="4" passed="4" failed="0" skipped="0">
  <reporter-output>
  </reporter-output>
  <suite started-at="2022-08-18T11:50:52 IST" name="Default suite" finished-at="2022-08-18T11:51:04 IST" duration-ms="11972">
    <groups>
    </groups>
    <test started-at="2022-08-18T11:50:52 IST" name="Default test" finished-at="2022-08-18T11:51:04 IST" duration-ms="11972">
      <class name="api.com.APItest">
        <test-method is-config="true" signature="Post()[pri:0, instance:api.com.APItest@ea6147e]" started-at="2022-08-18T11:50:52 IST" name="Post" finished-at="2022-08-18T11:50:55 IST" duration-ms="3778" status="PASS">
          <reporter-output>
          </reporter-output>
        </test-method> <!-- Post -->
        <test-method signature="findpetstatus(java.lang.String)[pri:1, instance:api.com.APItest@ea6147e]" started-at="2022-08-18T11:50:55 IST" name="findpetstatus" data-provider="status" finished-at="2022-08-18T11:50:57 IST" duration-ms="1527" status="PASS">
          <params>
            <param index="0">
              <value>
                <![CDATA[sold]]>
              </value>
            </param>
          </params>
          <reporter-output>
          </reporter-output>
        </test-method> <!-- findpetstatus -->
        <test-method signature="findpetstatus(java.lang.String)[pri:1, instance:api.com.APItest@ea6147e]" started-at="2022-08-18T11:50:57 IST" name="findpetstatus" data-provider="status" finished-at="2022-08-18T11:50:59 IST" duration-ms="2242" status="PASS">
          <params>
            <param index="0">
              <value>
                <![CDATA[available]]>
              </value>
            </param>
          </params>
          <reporter-output>
          </reporter-output>
        </test-method> <!-- findpetstatus -->
        <test-method signature="findpetstatus(java.lang.String)[pri:1, instance:api.com.APItest@ea6147e]" started-at="2022-08-18T11:50:59 IST" name="findpetstatus" data-provider="status" finished-at="2022-08-18T11:51:01 IST" duration-ms="1452" status="PASS">
          <params>
            <param index="0">
              <value>
                <![CDATA[pending]]>
              </value>
            </param>
          </params>
          <reporter-output>
          </reporter-output>
        </test-method> <!-- findpetstatus -->
        <test-method signature="put()[pri:2, instance:api.com.APItest@ea6147e]" started-at="2022-08-18T11:51:01 IST" name="put" finished-at="2022-08-18T11:51:02 IST" duration-ms="1452" status="PASS">
          <reporter-output>
          </reporter-output>
        </test-method> <!-- put -->
        <test-method is-config="true" signature="get()[pri:0, instance:api.com.APItest@ea6147e]" started-at="2022-08-18T11:51:02 IST" name="get" finished-at="2022-08-18T11:51:04 IST" duration-ms="1483" status="PASS">
          <reporter-output>
          </reporter-output>
        </test-method> <!-- get -->
      </class> <!-- api.com.APItest -->
    </test> <!-- Default test -->
  </suite> <!-- Default suite -->
</testng-results>
